
Starting the DC solver at Mon Mar  4 16:11:33 2024
Creating the DC design
..parsing the options file 
..using NUMBER_OF_PROCESSORS = 12
..parsing the layout file 
..parsing the stimulus file 
..extracting the connectivity 
..extracting the substrate 
Initializing electric analysis
Electric analysis
..loading the electric component models
..electric matrix size: 185313
..loading the electric matrix equation
..solving the electric matrix equation
.........|.........|.........|.........|
..performing the switch regulation
.........|.........|.........|.........|
..max voltage: 35.99
..writing the output files
Electric N-port analysis
..number of ports: 12
..loading the electric component models
..electric matrix size: 185313
..loading the electric matrix equation
..solving the electric matrix equation
.........|.........|.........|.........|
..writing the model file
DC solver resources
..elapsed time: 2.7 s
..user time: 12.0 s
..physical memory: 393 MB
..virtual memory: 566 MB

