Started on Mon Mar  4 16:11:31 2024

emprvem: v1.0.0
Invoking vmesh...
FEM_VMESH v2.152.55

Generating DC mesh

Building Model







 Checking face descriptors

 Checking face descriptors

Generating Solver Files

Generated: 

  131678 mesh elements

Invoking VemEngine...


Starting the DC solver at Mon Mar  4 16:11:33 2024

Creating the DC design

..parsing the options file 

..using NUMBER_OF_PROCESSORS = 12

..parsing the layout file 

..parsing the stimulus file 

..extracting the connectivity 

..extracting the substrate 

Initializing electric analysis

Electric analysis

..loading the electric component models

..electric matrix size: 185313

..loading the electric matrix equation

..solving the electric matrix equation

.........|.........|.........|.........|

..performing the switch regulation

.........|.........|.........|.........|

..max voltage: 35.99

..writing the output files

Electric N-port analysis

..number of ports: 12

..loading the electric component models

..electric matrix size: 185313

..loading the electric matrix equation

..solving the electric matrix equation

.........|.........|.........|.........|

..writing the model file

DC solver resources

..elapsed time: 2.7 s

..user time: 12.0 s

..physical memory: 393 MB

..virtual memory: 566 MB



Finished on Mon Mar  4 16:11:36 2024

Total Elapsed Time : 5.26031s


