Started on Fri Dec 22 18:02:54 2023

emprvem: v1.0.0
Invoking vmesh...
FEM_VMESH v2.152.55

Generating DC mesh

Building Model







 Checking face descriptors

 Checking face descriptors

Generating Solver Files

Generated: 

  93138 mesh elements

Invoking VemEngine...


Starting the DC solver at Fri Dec 22 18:02:56 2023

Creating the DC design

..parsing the options file 

..using NUMBER_OF_PROCESSORS = 16

..parsing the layout file 

..parsing the stimulus file 

..extracting the connectivity 

..extracting the substrate 

Initializing electric analysis

Electric analysis

..loading the electric component models

..electric matrix size: 130157

..loading the electric matrix equation

..solving the electric matrix equation

.........|.........|.........|.........|

..performing the switch regulation

.........|.........|.........|.........|

..max voltage: 36

..writing the output files

Electric N-port analysis

..number of ports: 6

..loading the electric component models

..electric matrix size: 130157

..loading the electric matrix equation

..solving the electric matrix equation

.........|.........|.........|.........|

..writing the model file

DC solver resources

..elapsed time: 3.8 s

..user time: 12.7 s

..physical memory: 264 MB

..virtual memory: 469 MB



Finished on Fri Dec 22 18:03:00 2023

Total Elapsed Time : 6.29441s


