Added Component: Designator=U3(SOIC-8_L4.9-W3.9-P1.27-LS6.0-BL)
Add component (AddParameter): Name = "Add into BOM"; Value = "yes"; VariantName = "[No Variations]"
Add component (AddParameter): Name = "Common Mode Voltage"; Value = "6V~80V"; VariantName = "[No Variations]"
Add component (AddParameter): Name = "Convert to PCB"; Value = "yes"; VariantName = "[No Variations]"
Add component (AddParameter): Name = "Datasheet"; Value = "https://atta.szlcsc.com/upload/public/pdf/source/20230221/4ACBE0500A397B3D4468D76F97F173B7.pdf"; VariantName = "[No Variations]"
Add component (AddParameter): Name = "Device"; Value = "CSA240LCSOIC8"; VariantName = "[No Variations]"
Add component (AddParameter): Name = "Gain"; Value = "20V/V"; VariantName = "[No Variations]"
Add component (AddParameter): Name = "JLCPCB Part Class"; Value = "Extended Part"; VariantName = "[No Variations]"
Add component (AddParameter): Name = "LCSC Part Name"; Value = "线性产品"; VariantName = "[No Variations]"
Add component (AddParameter): Name = "Manufacturer"; Value = "analogysemi(类比半导体)"; VariantName = "[No Variations]"
Add component (AddParameter): Name = "Manufacturer Part"; Value = "CSA240LCSOIC8"; VariantName = "[No Variations]"
Add component (AddParameter): Name = "Name"; Value = "CSA240LCSOIC8"; VariantName = "[No Variations]"
Add component (AddParameter): Name = "Number of Channels"; Value = "1"; VariantName = "[No Variations]"
Add component (AddParameter): Name = "Operating Temperature"; Value = "-40℃~125℃"; VariantName = "[No Variations]"
Add component (AddParameter): Name = "Supplier"; Value = "LCSC"; VariantName = "[No Variations]"
Add component (AddParameter): Name = "Supplier Footprint"; Value = "SOIC-8"; VariantName = "[No Variations]"
Add component (AddParameter): Name = "Supplier Part"; Value = "C5359411"; VariantName = "[No Variations]"
Add component (AddParameter): Name = "Supply Voltage"; Value = "2.7V~5.5V"; VariantName = "[No Variations]"
Add component (AddParameter): Name = "Symbol"; Value = "CSA240LCSOIC8"; VariantName = "[No Variations]"
Added Component: Designator=U6(SOIC-8_L4.9-W3.9-P1.27-LS6.0-BL)
Add component (AddParameter): Name = "Add into BOM"; Value = "yes"; VariantName = "[No Variations]"
Add component (AddParameter): Name = "Common Mode Voltage"; Value = "6V~80V"; VariantName = "[No Variations]"
Add component (AddParameter): Name = "Convert to PCB"; Value = "yes"; VariantName = "[No Variations]"
Add component (AddParameter): Name = "Datasheet"; Value = "https://atta.szlcsc.com/upload/public/pdf/source/20230221/4ACBE0500A397B3D4468D76F97F173B7.pdf"; VariantName = "[No Variations]"
Add component (AddParameter): Name = "Device"; Value = "CSA240LCSOIC8"; VariantName = "[No Variations]"
Add component (AddParameter): Name = "Gain"; Value = "20V/V"; VariantName = "[No Variations]"
Add component (AddParameter): Name = "JLCPCB Part Class"; Value = "Extended Part"; VariantName = "[No Variations]"
Add component (AddParameter): Name = "LCSC Part Name"; Value = "线性产品"; VariantName = "[No Variations]"
Add component (AddParameter): Name = "Manufacturer"; Value = "analogysemi(类比半导体)"; VariantName = "[No Variations]"
Add component (AddParameter): Name = "Manufacturer Part"; Value = "CSA240LCSOIC8"; VariantName = "[No Variations]"
Add component (AddParameter): Name = "Name"; Value = "CSA240LCSOIC8"; VariantName = "[No Variations]"
Add component (AddParameter): Name = "Number of Channels"; Value = "1"; VariantName = "[No Variations]"
Add component (AddParameter): Name = "Operating Temperature"; Value = "-40℃~125℃"; VariantName = "[No Variations]"
Add component (AddParameter): Name = "Supplier"; Value = "LCSC"; VariantName = "[No Variations]"
Add component (AddParameter): Name = "Supplier Footprint"; Value = "SOIC-8"; VariantName = "[No Variations]"
Add component (AddParameter): Name = "Supplier Part"; Value = "C5359411"; VariantName = "[No Variations]"
Add component (AddParameter): Name = "Supply Voltage"; Value = "2.7V~5.5V"; VariantName = "[No Variations]"
Add component (AddParameter): Name = "Symbol"; Value = "CSA240LCSOIC8"; VariantName = "[No Variations]"
Added Pin To Net: NetName=B_HS Pin=U3-1
Added Pin To Net: NetName=C1N Pin=U3-2
Added Pin To Net: NetName=Vref+ Pin=U3-3
Added Pin To Net: NetName=ADC_IL Pin=U3-5
Added Pin To Net: NetName=+3V3 Pin=U3-6
Added Pin To Net: NetName=C1N Pin=U3-7
Added Pin To Net: NetName=IL+ Pin=U3-8
Added Pin To Net: NetName=C1P Pin=U6-1
Added Pin To Net: NetName=C1N Pin=U6-2
Added Pin To Net: NetName=Vref+ Pin=U6-3
Added Pin To Net: NetName=ADC_Iin Pin=U6-5
Added Pin To Net: NetName=+3V3 Pin=U6-6
Added Pin To Net: NetName=C1N Pin=U6-7
Added Pin To Net: NetName=Iin+ Pin=U6-8
Added Member To Class: ClassName=DBBC7505S-F Member=Component U3 CSA240LCSOIC8
Added Member To Class: ClassName=DBBC7505S-F Member=Component U6 CSA240LCSOIC8
