Added Component: Designator=U5(SOIC-8_L4.9-W3.9-P1.27-LS6.0-BL)
Add component (AddParameter): Name = "Add into BOM"; Value = "yes"; VariantName = "[No Variations]"
Add component (AddParameter): Name = "Common Mode Voltage"; Value = "6V~80V"; VariantName = "[No Variations]"
Add component (AddParameter): Name = "Convert to PCB"; Value = "yes"; VariantName = "[No Variations]"
Add component (AddParameter): Name = "Datasheet"; Value = "https://atta.szlcsc.com/upload/public/pdf/source/20230221/4ACBE0500A397B3D4468D76F97F173B7.pdf"; VariantName = "[No Variations]"
Add component (AddParameter): Name = "Device"; Value = "CSA240LCSOIC8"; VariantName = "[No Variations]"
Add component (AddParameter): Name = "Gain"; Value = "20V/V"; VariantName = "[No Variations]"
Add component (AddParameter): Name = "JLCPCB Part Class"; Value = "Extended Part"; VariantName = "[No Variations]"
Add component (AddParameter): Name = "LCSC Part Name"; Value = "线性产品"; VariantName = "[No Variations]"
Add component (AddParameter): Name = "Manufacturer"; Value = "analogysemi(类比半导体)"; VariantName = "[No Variations]"
Add component (AddParameter): Name = "Manufacturer Part"; Value = "CSA240LCSOIC8"; VariantName = "[No Variations]"
Add component (AddParameter): Name = "Name"; Value = "CSA240LCSOIC8"; VariantName = "[No Variations]"
Add component (AddParameter): Name = "Number of Channels"; Value = "1"; VariantName = "[No Variations]"
Add component (AddParameter): Name = "Operating Temperature"; Value = "-40℃~125℃"; VariantName = "[No Variations]"
Add component (AddParameter): Name = "Supplier"; Value = "LCSC"; VariantName = "[No Variations]"
Add component (AddParameter): Name = "Supplier Footprint"; Value = "SOIC-8"; VariantName = "[No Variations]"
Add component (AddParameter): Name = "Supplier Part"; Value = "C5359411"; VariantName = "[No Variations]"
Add component (AddParameter): Name = "Supply Voltage"; Value = "2.7V~5.5V"; VariantName = "[No Variations]"
Add component (AddParameter): Name = "Symbol"; Value = "CSA240LCSOIC8"; VariantName = "[No Variations]"
Added Pin To Net: NetName=Iout- Pin=U5-1
Added Pin To Net: NetName=C1N Pin=U5-2
Added Pin To Net: NetName=Vref+ Pin=U5-3
Added Pin To Net: NetName=ADC_Iout Pin=U5-5
Added Pin To Net: NetName=+3V3 Pin=U5-6
Added Pin To Net: NetName=C1N Pin=U5-7
Added Pin To Net: NetName=C2P Pin=U5-8
Added Member To Class: ClassName=DBBC7505S-F Member=Component U5 CSA240LCSOIC8
