
Starting the DC solver at Sun Dec 24 03:07:01 2023
Creating the DC design
..parsing the options file 
..using NUMBER_OF_PROCESSORS = 16
..parsing the layout file 
..parsing the stimulus file 
..extracting the connectivity 
..extracting the substrate 
Initializing electric analysis
Electric analysis
..loading the electric component models
..electric matrix size: 16912
..loading the electric matrix equation
..solving the electric matrix equation
.........|.........|.........|.........|
..performing the switch regulation
.........|.........|.........|.........|
..max voltage: 4.99934
..writing the output files
Electric N-port analysis
..number of ports: 29
..loading the electric component models
..electric matrix size: 16912
..loading the electric matrix equation
..solving the electric matrix equation
.........|.........|.........|.........|
..writing the model file
DC solver resources
..elapsed time: 0.8 s
..user time: 3.5 s
..physical memory: 55 MB
..virtual memory: 71 MB

