Generating Mesh	0.640392
Generating Mesh\Assigning Materials 	0.0238431
Generating Mesh\Reading Design 	0.14331
Generating Mesh\Reading Design \Reading Design	0.115545
Generating Mesh\Reading Design \Reading Design\Do Smart Slicing	0.0030946
Generating Mesh\Reading Design \Reading Design\Simplifying Design	0.0634136
Generating Mesh\Refining Surface Mesh	0.320827
Generating Mesh\Refining Surface Mesh\Checking via	9.43e-05
Generating Mesh\Refining Surface Mesh\Convert Local Mesh to Global Mesh	0.0176206
Generating Mesh\Refining Surface Mesh\Detecting Connectivity Problems	0.0041368
Generating Mesh\Refining Surface Mesh\Insert pins MT	0.113246
Generating Mesh\Refining Surface Mesh\Locating Pins	0.036266
Generating Mesh\Refining Surface Mesh\Locating Pins\Locating instances on layers	0.0303741
Generating Mesh\Refining Surface Mesh\Locating Pins\Locating pins on layers	0.0058775
Generating Mesh\Refining Surface Mesh\Looking for Electrically Isolated Patches 	0.00867
Generating Mesh\Refining Surface Mesh\Mark electrical interconnects	0.0061745
Generating Mesh\Refining Surface Mesh\Marking Degenerate Elements	0.0026324
Generating Mesh\Refining Surface Mesh\Marking Vias	0.0049266
Generating Mesh\Refining Surface Mesh\Marking thickness for non-circular vias	0.000224
Generating Mesh\Refining Surface Mesh\Pruning Surface Mesh 	0.011263
Generating Mesh\Refining Surface Mesh\Recovering surface attributes 	0.0009801
Generating Mesh\Refining Surface Mesh\Writing ASCII surface mesh file 	0.090958
Generating Mesh\Refining Surface Mesh\Writing BINARY surface mesh file 	0.0066569
Generating Mesh\SurfaceMesher	0.148202
Generating Mesh\SurfaceMesher\Generating surface mesh 	0.146956
Generating Mesh\SurfaceMesher\Generating surface mesh \Checking surface mesh consistency	0.0039778
Generating Mesh\SurfaceMesher\Generating surface mesh \Computing Aabbs	0.0002214
Generating Mesh\SurfaceMesher\Generating surface mesh \Convert Global Mesh into Local Meshes	0.0085469
Generating Mesh\SurfaceMesher\Generating surface mesh \Convert Global Mesh into Local Meshes\Stabilizing mesh	3.13e-05
Generating Mesh\SurfaceMesher\Generating surface mesh \Faceting	0.133543
Generating Mesh\SurfaceMesher\Generating surface mesh \Faceting\1D faceting	0.0657384
Generating Mesh\SurfaceMesher\Generating surface mesh \Faceting\1D faceting\1D meshing	0.0640975
Generating Mesh\SurfaceMesher\Generating surface mesh \Faceting\2D faceting	0.0668342
Generating Mesh\SurfaceMesher\Generating surface mesh \Faceting\2D faceting\2D meshing	0.0668307
