Removed Pin From Net: NetName=+5 Pin=C2-1
Removed Pin From Net: NetName=C1N Pin=C2-2
Removed Pin From Net: NetName=+5 Pin=U2-1
Removed Pin From Net: NetName=C1N Pin=U2-3
Removed Member From Class: ClassName=DBBC7505S-F Member=C2
Removed Member From Class: ClassName=DBBC7505S-F Member=U2
Added Pin To Net: NetName=+3V3 Pin=C4-2
Added Pin To Net: NetName=+3V3 Pin=C5-2
Added Pin To Net: NetName=+3V3 Pin=C6-2
Added Pin To Net: NetName=+3V3 Pin=C7-2
Added Pin To Net: NetName=+3V3 Pin=C39-1
Added Pin To Net: NetName=+3V3 Pin=C44-1
Added Pin To Net: NetName=+3V3 Pin=U3-3
Added Pin To Net: NetName=+3V3 Pin=U5-3
Added Pin To Net: NetName=+3V3 Pin=U6-3
Added Pin To Net: NetName=+3V3 Pin=U9-H1
Change Net Name : Old Net Name=+3V3 New Net Name=Vref+
Change Net Name : Old Net Name=NetH?_2 New Net Name=NetH2_2
Change Net Name : Old Net Name=NetH?_3 New Net Name=NetH2_3
Change Net Name : Old Net Name=NetH?_4 New Net Name=NetH2_4
Change Net Name : Old Net Name=NetH?_5 New Net Name=NetH2_5
