Removed Pin From Net: NetName=C1N Pin=R24-1
Removed Member From Class: ClassName=DBBC7505S-F Member=R24
Added Pin To Net: NetName=C1N Pin=C34-2
Added Pin To Net: NetName=C1N Pin=C36-2
Added Pin To Net: NetName=C1N Pin=C41-2
Added Pin To Net: NetName=C1N Pin=C42-2
Added Pin To Net: NetName=C1N Pin=C43-2
Added Pin To Net: NetName=C1N Pin=C45-1
Added Pin To Net: NetName=C1N Pin=C46-1
Added Pin To Net: NetName=C1N Pin=C47-1
Added Pin To Net: NetName=C1N Pin=C48-1
Added Pin To Net: NetName=C1N Pin=C50-2
Added Pin To Net: NetName=C1N Pin=C51-2
Added Pin To Net: NetName=C1N Pin=C55-2
Added Pin To Net: NetName=C1N Pin=C56-1
Added Pin To Net: NetName=C1N Pin=C57-1
Added Pin To Net: NetName=C1N Pin=C58-1
Added Pin To Net: NetName=C1N Pin=D8-3
Added Pin To Net: NetName=C1N Pin=H1-2
Added Pin To Net: NetName=C1N Pin=H2-7
Added Pin To Net: NetName=C1N Pin=K4-1
Added Pin To Net: NetName=C1N Pin=R23-2
Added Pin To Net: NetName=C1N Pin=R35-1
Added Pin To Net: NetName=C1N Pin=R37-1
Added Pin To Net: NetName=C1N Pin=TP7-1
Added Pin To Net: NetName=C1N Pin=U9-C2
Added Pin To Net: NetName=C1N Pin=U9-E4
Added Pin To Net: NetName=C1N Pin=U9-E5
Added Pin To Net: NetName=C1N Pin=U9-E6
Added Pin To Net: NetName=C1N Pin=U9-J1
Added Pin To Net: NetName=C1N Pin=U11-2
Added Pin To Net: NetName=C1N Pin=X1-2
