Generating Mesh	2.90701
Generating Mesh\Assigning Materials 	0.192321
Generating Mesh\Reading Design 	0.362154
Generating Mesh\Reading Design \Reading Design	0.227923
Generating Mesh\Reading Design \Reading Design\Do Smart Slicing	0.003076
Generating Mesh\Reading Design \Reading Design\Simplifying Design	0.193857
Generating Mesh\Refining Surface Mesh	2.03765
Generating Mesh\Refining Surface Mesh\Checking via	0.0008595
Generating Mesh\Refining Surface Mesh\Convert Local Mesh to Global Mesh	0.135745
Generating Mesh\Refining Surface Mesh\Detecting Connectivity Problems	0.035196
Generating Mesh\Refining Surface Mesh\Insert pins MT	0.443518
Generating Mesh\Refining Surface Mesh\Locating Pins	0.149521
Generating Mesh\Refining Surface Mesh\Locating Pins\Locating instances on layers	0.127842
Generating Mesh\Refining Surface Mesh\Locating Pins\Locating pins on layers	0.0216613
Generating Mesh\Refining Surface Mesh\Looking for Electrically Isolated Patches 	0.0833044
Generating Mesh\Refining Surface Mesh\Mark electrical interconnects	0.0846786
Generating Mesh\Refining Surface Mesh\Marking Degenerate Elements	0.0222154
Generating Mesh\Refining Surface Mesh\Marking Vias	0.0788793
Generating Mesh\Refining Surface Mesh\Marking thickness for non-circular vias	0.0041172
Generating Mesh\Refining Surface Mesh\Pruning Surface Mesh 	0.0972854
Generating Mesh\Refining Surface Mesh\Recovering surface attributes 	0.0093764
Generating Mesh\Refining Surface Mesh\Writing ASCII surface mesh file 	0.802377
Generating Mesh\Refining Surface Mesh\Writing BINARY surface mesh file 	0.0503495
Generating Mesh\SurfaceMesher	0.308311
Generating Mesh\SurfaceMesher\Generating surface mesh 	0.29921
Generating Mesh\SurfaceMesher\Generating surface mesh \Checking surface mesh consistency	0.0171934
Generating Mesh\SurfaceMesher\Generating surface mesh \Computing Aabbs	0.0018158
Generating Mesh\SurfaceMesher\Generating surface mesh \Convert Global Mesh into Local Meshes	0.0409974
Generating Mesh\SurfaceMesher\Generating surface mesh \Convert Global Mesh into Local Meshes\Stabilizing mesh	0.000107
Generating Mesh\SurfaceMesher\Generating surface mesh \Faceting	0.232496
Generating Mesh\SurfaceMesher\Generating surface mesh \Faceting\1D faceting	0.114159
Generating Mesh\SurfaceMesher\Generating surface mesh \Faceting\1D faceting\1D meshing	0.102122
Generating Mesh\SurfaceMesher\Generating surface mesh \Faceting\2D faceting	0.110785
Generating Mesh\SurfaceMesher\Generating surface mesh \Faceting\2D faceting\2D meshing	0.11078
