Started on Sun Dec 24 01:44:09 2023

emprvem: v1.0.0
Invoking vmesh...
FEM_VMESH v2.152.55

Generating DC mesh

Building Model







 Checking face descriptors

 Checking face descriptors

Generating Solver Files

Generated: 

  131678 mesh elements



Invoking VemEngine...


Starting the DC solver at Sun Dec 24 01:44:12 2023

Creating the DC design

..parsing the options file 

..using NUMBER_OF_PROCESSORS = 16

..parsing the layout file 

..parsing the stimulus file 

..extracting the connectivity 

..extracting the substrate 

Initializing electric analysis

Electric analysis

..loading the electric component models

..electric matrix size: 185313

..loading the electric matrix equation

..solving the electric matrix equation

.........|.........|.........|.........|

..performing the switch regulation

.........|.........|.........|.........|

..max voltage: 35.99

..writing the output files

Electric N-port analysis

..number of ports: 12

..loading the electric component models

..electric matrix size: 185313

..loading the electric matrix equation

..solving the electric matrix equation

.........|.........|.........|.........|

..writing the model file

DC solver resources

..elapsed time: 3.9 s

..user time: 14.0 s

..physical memory: 402 MB

..virtual memory: 620 MB



Finished on Sun Dec 24 01:44:16 2023

Total Elapsed Time : 7.10189s

